current directory: /Users/saketgurukar/Documents/code/saketgurukar.github.io/bundle/ruby/3.1.0/gems/eventmachine-1.2.7/ext
/Users/saketgurukar/miniconda3/envs/website/bin/ruby -I /Users/saketgurukar/miniconda3/envs/website/lib/ruby/3.1.0 -r ./siteconf20230205-21199-8ogt18.rb extconf.rb
*** extconf.rb failed ***
Could not create Makefile due to some reason, probably lack of necessary
libraries and/or headers.  Check the mkmf.log file for more details.  You may
need configuration options.

Provided configuration options:
	--with-opt-dir
	--without-opt-dir
	--with-opt-include
	--without-opt-include=${opt-dir}/include
	--with-opt-lib
	--without-opt-lib=${opt-dir}/lib
	--with-make-prog
	--without-make-prog
	--srcdir=.
	--curdir
	--ruby=/Users/saketgurukar/miniconda3/envs/website/bin/$(RUBY_BASE_NAME)
	--with-ssl-dir
	--without-ssl-dir
	--with-ssl-include
	--without-ssl-include=${ssl-dir}/include
	--with-ssl-lib
	--without-ssl-lib=${ssl-dir}/lib
	--with-openssl-dir
	--with-openssl-include
	--without-openssl-include=${openssl-dir}/include
	--with-openssl-lib
	--without-openssl-lib=${openssl-dir}/lib
	--with-openssl-config
	--without-openssl-config
	--with-pkg-config
	--without-pkg-config
/Users/saketgurukar/miniconda3/envs/website/lib/ruby/3.1.0/mkmf.rb:498:in `try_do': The compiler failed to generate an executable file. (RuntimeError)
You have to install development tools first.
	from /Users/saketgurukar/miniconda3/envs/website/lib/ruby/3.1.0/mkmf.rb:591:in `try_link0'
	from /Users/saketgurukar/miniconda3/envs/website/lib/ruby/3.1.0/mkmf.rb:609:in `try_link'
	from /Users/saketgurukar/miniconda3/envs/website/lib/ruby/3.1.0/mkmf.rb:711:in `try_ldflags'
	from /Users/saketgurukar/miniconda3/envs/website/lib/ruby/3.1.0/mkmf.rb:1895:in `pkg_config'
	from extconf.rb:65:in `pkg_config_wrapper'
	from extconf.rb:92:in `<main>'

To see why this extension failed to compile, please check the mkmf.log which can be found here:

  /Users/saketgurukar/Documents/code/saketgurukar.github.io/bundle/ruby/3.1.0/extensions/x86_64-darwin-13/3.1.0/eventmachine-1.2.7/mkmf.log

extconf failed, exit code 1
