have_library: checking for -lpthread... -------------------- yes

DYLD_FALLBACK_LIBRARY_PATH=.:/Users/saketgurukar/.rvm/rubies/ruby-3.1.3/lib "gcc -o conftest -I/Users/saketgurukar/.rvm/rubies/ruby-3.1.3/include/ruby-3.1.0/x86_64-darwin21 -I/Users/saketgurukar/.rvm/rubies/ruby-3.1.3/include/ruby-3.1.0/ruby/backward -I/Users/saketgurukar/.rvm/rubies/ruby-3.1.3/include/ruby-3.1.0 -I. -I/usr/local/opt/openssl@1.1/include -D_XOPEN_SOURCE -D_DARWIN_C_SOURCE -D_DARWIN_UNLIMITED_SELECT -D_REENTRANT   -O3 -I/usr/local/opt/libyaml/include -I/usr/local/opt/libksba/include -I/usr/local/opt/readline/include -I/usr/local/opt/zlib/include -I/usr/local/opt/openssl@1.1/include -fdeclspec -Wno-error=implicit-function-declaration -fno-fast-math -ggdb3 -Wall -Wextra -Wdeprecated-declarations -Wdivision-by-zero -Wimplicit-function-declaration -Wimplicit-int -Wmisleading-indentation -Wpointer-arith -Wshorten-64-to-32 -Wwrite-strings -Wold-style-definition -Wmissing-noreturn -Wno-cast-function-type -Wno-constant-logical-operand -Wno-long-long -Wno-missing-field-initializers -Wno-overlength-strings -Wno-parentheses-equality -Wno-self-assign -Wno-tautological-compare -Wno-unused-parameter -Wno-unused-value -Wunused-variable -Wextra-tokens -Wundef -fno-common -pipe conftest.c  -L. -L/Users/saketgurukar/.rvm/rubies/ruby-3.1.3/lib -L. -L/usr/local/opt/libyaml/lib -L/usr/local/opt/libksba/lib -L/usr/local/opt/readline/lib -L/usr/local/opt/zlib/lib -L/usr/local/opt/openssl@1.1/lib -fstack-protector-strong -L/usr/local/lib     -lruby.3.1   "
checked program was:
/* begin */
1: #include "ruby.h"
2: 
3: int main(int argc, char **argv)
4: {
5:   return !!argv[argc];
6: }
/* end */

DYLD_FALLBACK_LIBRARY_PATH=.:/Users/saketgurukar/.rvm/rubies/ruby-3.1.3/lib "gcc -o conftest -I/Users/saketgurukar/.rvm/rubies/ruby-3.1.3/include/ruby-3.1.0/x86_64-darwin21 -I/Users/saketgurukar/.rvm/rubies/ruby-3.1.3/include/ruby-3.1.0/ruby/backward -I/Users/saketgurukar/.rvm/rubies/ruby-3.1.3/include/ruby-3.1.0 -I. -I/usr/local/opt/openssl@1.1/include -D_XOPEN_SOURCE -D_DARWIN_C_SOURCE -D_DARWIN_UNLIMITED_SELECT -D_REENTRANT   -O3 -I/usr/local/opt/libyaml/include -I/usr/local/opt/libksba/include -I/usr/local/opt/readline/include -I/usr/local/opt/zlib/include -I/usr/local/opt/openssl@1.1/include -fdeclspec -Wno-error=implicit-function-declaration -fno-fast-math -ggdb3 -Wall -Wextra -Wdeprecated-declarations -Wdivision-by-zero -Wimplicit-function-declaration -Wimplicit-int -Wmisleading-indentation -Wpointer-arith -Wshorten-64-to-32 -Wwrite-strings -Wold-style-definition -Wmissing-noreturn -Wno-cast-function-type -Wno-constant-logical-operand -Wno-long-long -Wno-missing-field-initializers -Wno-overlength-strings -Wno-parentheses-equality -Wno-self-assign -Wno-tautological-compare -Wno-unused-parameter -Wno-unused-value -Wunused-variable -Wextra-tokens -Wundef -fno-common -pipe conftest.c  -L. -L/Users/saketgurukar/.rvm/rubies/ruby-3.1.3/lib -L. -L/usr/local/opt/libyaml/lib -L/usr/local/opt/libksba/lib -L/usr/local/opt/readline/lib -L/usr/local/opt/zlib/lib -L/usr/local/opt/openssl@1.1/lib -fstack-protector-strong -L/usr/local/lib     -lruby.3.1 -lpthread   "
checked program was:
/* begin */
 1: #include "ruby.h"
 2: 
 3: /*top*/
 4: extern int t(void);
 5: int main(int argc, char **argv)
 6: {
 7:   if (argc > 1000000) {
 8:     int (* volatile tp)(void)=(int (*)(void))&t;
 9:     printf("%d", (*tp)());
10:   }
11: 
12:   return !!argv[argc];
13: }
14: 
15: int t(void) { ; return 0; }
/* end */

--------------------

have_library: checking for -lobjc... -------------------- yes

DYLD_FALLBACK_LIBRARY_PATH=.:/Users/saketgurukar/.rvm/rubies/ruby-3.1.3/lib "gcc -o conftest -I/Users/saketgurukar/.rvm/rubies/ruby-3.1.3/include/ruby-3.1.0/x86_64-darwin21 -I/Users/saketgurukar/.rvm/rubies/ruby-3.1.3/include/ruby-3.1.0/ruby/backward -I/Users/saketgurukar/.rvm/rubies/ruby-3.1.3/include/ruby-3.1.0 -I. -I/usr/local/opt/openssl@1.1/include -D_XOPEN_SOURCE -D_DARWIN_C_SOURCE -D_DARWIN_UNLIMITED_SELECT -D_REENTRANT   -O3 -I/usr/local/opt/libyaml/include -I/usr/local/opt/libksba/include -I/usr/local/opt/readline/include -I/usr/local/opt/zlib/include -I/usr/local/opt/openssl@1.1/include -fdeclspec -Wno-error=implicit-function-declaration -fno-fast-math -ggdb3 -Wall -Wextra -Wdeprecated-declarations -Wdivision-by-zero -Wimplicit-function-declaration -Wimplicit-int -Wmisleading-indentation -Wpointer-arith -Wshorten-64-to-32 -Wwrite-strings -Wold-style-definition -Wmissing-noreturn -Wno-cast-function-type -Wno-constant-logical-operand -Wno-long-long -Wno-missing-field-initializers -Wno-overlength-strings -Wno-parentheses-equality -Wno-self-assign -Wno-tautological-compare -Wno-unused-parameter -Wno-unused-value -Wunused-variable -Wextra-tokens -Wundef -fno-common -pipe conftest.c  -L. -L/Users/saketgurukar/.rvm/rubies/ruby-3.1.3/lib -L. -L/usr/local/opt/libyaml/lib -L/usr/local/opt/libksba/lib -L/usr/local/opt/readline/lib -L/usr/local/opt/zlib/lib -L/usr/local/opt/openssl@1.1/lib -fstack-protector-strong -L/usr/local/lib    -lpthread  -lruby.3.1 -lobjc -lpthread   "
checked program was:
/* begin */
 1: #include "ruby.h"
 2: 
 3: /*top*/
 4: extern int t(void);
 5: int main(int argc, char **argv)
 6: {
 7:   if (argc > 1000000) {
 8:     int (* volatile tp)(void)=(int (*)(void))&t;
 9:     printf("%d", (*tp)());
10:   }
11: 
12:   return !!argv[argc];
13: }
14: 
15: int t(void) { ; return 0; }
/* end */

--------------------

block in append_ldflags: checking for whether -Wl,--exclude-libs=ALL  is accepted as LDFLAGS... -------------------- no

DYLD_FALLBACK_LIBRARY_PATH=.:/Users/saketgurukar/.rvm/rubies/ruby-3.1.3/lib "gcc -o conftest -I/Users/saketgurukar/Documents/code/saketgurukar.github.io/bundle/ruby/3.1.0/gems/libv8-node-16.10.0.0-x86_64-darwin/vendor/v8/include -I/Users/saketgurukar/.rvm/rubies/ruby-3.1.3/include/ruby-3.1.0/x86_64-darwin21 -I/Users/saketgurukar/.rvm/rubies/ruby-3.1.3/include/ruby-3.1.0/ruby/backward -I/Users/saketgurukar/.rvm/rubies/ruby-3.1.3/include/ruby-3.1.0 -I. -I/usr/local/opt/openssl@1.1/include -D_XOPEN_SOURCE -D_DARWIN_C_SOURCE -D_DARWIN_UNLIMITED_SELECT -D_REENTRANT   -O3 -I/usr/local/opt/libyaml/include -I/usr/local/opt/libksba/include -I/usr/local/opt/readline/include -I/usr/local/opt/zlib/include -I/usr/local/opt/openssl@1.1/include -fdeclspec -Wno-error=implicit-function-declaration -fno-fast-math -ggdb3 -Wall -Wextra -Wdeprecated-declarations -Wdivision-by-zero -Wimplicit-function-declaration -Wimplicit-int -Wmisleading-indentation -Wpointer-arith -Wshorten-64-to-32 -Wwrite-strings -Wold-style-definition -Wmissing-noreturn -Wno-cast-function-type -Wno-constant-logical-operand -Wno-long-long -Wno-missing-field-initializers -Wno-overlength-strings -Wno-parentheses-equality -Wno-self-assign -Wno-tautological-compare -Wno-unused-parameter -Wno-unused-value -Wunused-variable -Wextra-tokens -Wundef -fno-common -pipe conftest.c  -L. -L/Users/saketgurukar/.rvm/rubies/ruby-3.1.3/lib /Users/saketgurukar/Documents/code/saketgurukar.github.io/bundle/ruby/3.1.0/gems/libv8-node-16.10.0.0-x86_64-darwin/vendor/v8/x86_64-darwin/libv8/obj/libv8_monolith.a  -stdlib=libc++ -L. -L/usr/local/opt/libyaml/lib -L/usr/local/opt/libksba/lib -L/usr/local/opt/readline/lib -L/usr/local/opt/zlib/lib -L/usr/local/opt/openssl@1.1/lib -fstack-protector-strong -L/usr/local/lib    -lobjc -lpthread  -lruby.3.1 -Wl,--exclude-libs=ALL   "
ld: unknown option: --exclude-libs=ALL
clang: error: linker command failed with exit code 1 (use -v to see invocation)
checked program was:
/* begin */
1: #include "ruby.h"
2: 
3: int main(int argc, char **argv)
4: {
5:   return !!argv[argc];
6: }
/* end */

--------------------

