current directory: /Users/saketgurukar/Documents/code/saketgurukar.github.io/bundle/ruby/3.1.0/gems/racc-1.6.2/ext/racc/cparse
/Users/saketgurukar/miniconda3/envs/website/bin/ruby -I /Users/saketgurukar/miniconda3/envs/website/lib/ruby/3.1.0 -r ./siteconf20230205-21199-z2rewd.rb extconf.rb
checking for rb_block_call()... *** extconf.rb failed ***
Could not create Makefile due to some reason, probably lack of necessary
libraries and/or headers.  Check the mkmf.log file for more details.  You may
need configuration options.

Provided configuration options:
	--with-opt-dir
	--without-opt-dir
	--with-opt-include
	--without-opt-include=${opt-dir}/include
	--with-opt-lib
	--without-opt-lib=${opt-dir}/lib
	--with-make-prog
	--without-make-prog
	--srcdir=.
	--curdir
	--ruby=/Users/saketgurukar/miniconda3/envs/website/bin/$(RUBY_BASE_NAME)
/Users/saketgurukar/miniconda3/envs/website/lib/ruby/3.1.0/mkmf.rb:498:in `try_do': The compiler failed to generate an executable file. (RuntimeError)
You have to install development tools first.
	from /Users/saketgurukar/miniconda3/envs/website/lib/ruby/3.1.0/mkmf.rb:591:in `try_link0'
	from /Users/saketgurukar/miniconda3/envs/website/lib/ruby/3.1.0/mkmf.rb:609:in `try_link'
	from /Users/saketgurukar/miniconda3/envs/website/lib/ruby/3.1.0/mkmf.rb:830:in `try_func'
	from /Users/saketgurukar/miniconda3/envs/website/lib/ruby/3.1.0/mkmf.rb:1119:in `block in have_func'
	from /Users/saketgurukar/miniconda3/envs/website/lib/ruby/3.1.0/mkmf.rb:1007:in `block in checking_for'
	from /Users/saketgurukar/miniconda3/envs/website/lib/ruby/3.1.0/mkmf.rb:362:in `block (2 levels) in postpone'
	from /Users/saketgurukar/miniconda3/envs/website/lib/ruby/3.1.0/mkmf.rb:332:in `open'
	from /Users/saketgurukar/miniconda3/envs/website/lib/ruby/3.1.0/mkmf.rb:362:in `block in postpone'
	from /Users/saketgurukar/miniconda3/envs/website/lib/ruby/3.1.0/mkmf.rb:332:in `open'
	from /Users/saketgurukar/miniconda3/envs/website/lib/ruby/3.1.0/mkmf.rb:358:in `postpone'
	from /Users/saketgurukar/miniconda3/envs/website/lib/ruby/3.1.0/mkmf.rb:1006:in `checking_for'
	from /Users/saketgurukar/miniconda3/envs/website/lib/ruby/3.1.0/mkmf.rb:1118:in `have_func'
	from extconf.rb:6:in `<main>'

To see why this extension failed to compile, please check the mkmf.log which can be found here:

  /Users/saketgurukar/Documents/code/saketgurukar.github.io/bundle/ruby/3.1.0/extensions/x86_64-darwin-13/3.1.0/racc-1.6.2/mkmf.log

extconf failed, exit code 1
